tracks {
  binding: IS_VISIBLE
  targetid: 65154
  targetname: "btn-bg-shadow.png"
  keytimes {
    datatype: AE_INT_DATA
    timeOffset: 0
    inttype: AE_INTERP_HOLD
    ivalue1: 1
  }
}
tracks {
  binding: OPACITY
  targetid: 65154
  targetname: "btn-bg-shadow.png"
  keytimes {
    datatype: AE_FLOAT_DATA
    timeOffset: 0
    inttype: AE_INTERP_LINEAR
    fvalue1: 0
  }
  keytimes {
    datatype: AE_FLOAT_DATA
    timeOffset: 0.25
    inttype: AE_INTERP_LINEAR
    fvalue1: 0
  }
  keytimes {
    datatype: AE_FLOAT_DATA
    timeOffset: 0.26666
    inttype: AE_INTERP_LINEAR
    fvalue1: 0.00411201
    isCookedKeytime: true
  }
  keytimes {
    datatype: AE_FLOAT_DATA
    timeOffset: 0.28332
    inttype: AE_INTERP_LINEAR
    fvalue1: 0.016948823
    isCookedKeytime: true
  }
  keytimes {
    datatype: AE_FLOAT_DATA
    timeOffset: 0.29998
    inttype: AE_INTERP_LINEAR
    fvalue1: 0.039353859
    isCookedKeytime: true
  }
  keytimes {
    datatype: AE_FLOAT_DATA
    timeOffset: 0.31664002
    inttype: AE_INTERP_LINEAR
    fvalue1: 0.072316021
    isCookedKeytime: true
  }
  keytimes {
    datatype: AE_FLOAT_DATA
    timeOffset: 0.33330002
    inttype: AE_INTERP_LINEAR
    fvalue1: 0.11700382
    isCookedKeytime: true
  }
  keytimes {
    datatype: AE_FLOAT_DATA
    timeOffset: 0.34996003
    inttype: AE_INTERP_LINEAR
    fvalue1: 0.17480689
    isCookedKeytime: true
  }
  keytimes {
    datatype: AE_FLOAT_DATA
    timeOffset: 0.36662003
    inttype: AE_INTERP_LINEAR
    fvalue1: 0.24738182
    isCookedKeytime: true
  }
  keytimes {
    datatype: AE_FLOAT_DATA
    timeOffset: 0.38328004
    inttype: AE_INTERP_LINEAR
    fvalue1: 0.33668664
    isCookedKeytime: true
  }
  keytimes {
    datatype: AE_FLOAT_DATA
    timeOffset: 0.39994004
    inttype: AE_INTERP_LINEAR
    fvalue1: 0.44494426
    isCookedKeytime: true
  }
  keytimes {
    datatype: AE_FLOAT_DATA
    timeOffset: 0.41660005
    inttype: AE_INTERP_LINEAR
    fvalue1: 0.57430768
    isCookedKeytime: true
  }
  keytimes {
    datatype: AE_FLOAT_DATA
    timeOffset: 0.43326005
    inttype: AE_INTERP_LINEAR
    fvalue1: 0.725271
    isCookedKeytime: true
  }
  keytimes {
    datatype: AE_FLOAT_DATA
    timeOffset: 0.44992006
    inttype: AE_INTERP_LINEAR
    fvalue1: 0.88893396
    isCookedKeytime: true
  }
  keytimes {
    datatype: AE_FLOAT_DATA
    timeOffset: 0.46658006
    inttype: AE_INTERP_LINEAR
    fvalue1: 0.99987638
    isCookedKeytime: true
  }
  keytimes {
    datatype: AE_FLOAT_DATA
    timeOffset: 0.46666667
    inttype: AE_INTERP_LINEAR
    fvalue1: 1
  }
  keytimes {
    datatype: AE_FLOAT_DATA
    timeOffset: 0.48332667
    inttype: AE_INTERP_LINEAR
    fvalue1: 1
    isCookedKeytime: true
  }
  keytimes {
    datatype: AE_FLOAT_DATA
    timeOffset: 0.49998668
    inttype: AE_INTERP_LINEAR
    fvalue1: 1
    isCookedKeytime: true
  }
  keytimes {
    datatype: AE_FLOAT_DATA
    timeOffset: 0.51664668
    inttype: AE_INTERP_LINEAR
    fvalue1: 1
    isCookedKeytime: true
  }
  keytimes {
    datatype: AE_FLOAT_DATA
    timeOffset: 0.53330666
    inttype: AE_INTERP_LINEAR
    fvalue1: 1
    isCookedKeytime: true
  }
  keytimes {
    datatype: AE_FLOAT_DATA
    timeOffset: 0.54996663
    inttype: AE_INTERP_LINEAR
    fvalue1: 1
    isCookedKeytime: true
  }
  keytimes {
    datatype: AE_FLOAT_DATA
    timeOffset: 0.56662661
    inttype: AE_INTERP_LINEAR
    fvalue1: 1
    isCookedKeytime: true
  }
  keytimes {
    datatype: AE_FLOAT_DATA
    timeOffset: 0.58328658
    inttype: AE_INTERP_LINEAR
    fvalue1: 1
    isCookedKeytime: true
  }
  keytimes {
    datatype: AE_FLOAT_DATA
    timeOffset: 0.59994656
    inttype: AE_INTERP_LINEAR
    fvalue1: 1
    isCookedKeytime: true
  }
  keytimes {
    datatype: AE_FLOAT_DATA
    timeOffset: 0.61660653
    inttype: AE_INTERP_LINEAR
    fvalue1: 1
    isCookedKeytime: true
  }
  keytimes {
    datatype: AE_FLOAT_DATA
    timeOffset: 0.61666667
    inttype: AE_INTERP_LINEAR
    fvalue1: 1
  }
  keytimes {
    datatype: AE_FLOAT_DATA
    timeOffset: 0.63332665
    inttype: AE_INTERP_LINEAR
    fvalue1: 0.88505507
    isCookedKeytime: true
  }
  keytimes {
    datatype: AE_FLOAT_DATA
    timeOffset: 0.64998662
    inttype: AE_INTERP_LINEAR
    fvalue1: 0.69964981
    isCookedKeytime: true
  }
  keytimes {
    datatype: AE_FLOAT_DATA
    timeOffset: 0.6666466
    inttype: AE_INTERP_LINEAR
    fvalue1: 0.52366364
    isCookedKeytime: true
  }
  keytimes {
    datatype: AE_FLOAT_DATA
    timeOffset: 0.68330657
    inttype: AE_INTERP_LINEAR
    fvalue1: 0.37337288
    isCookedKeytime: true
  }
  keytimes {
    datatype: AE_FLOAT_DATA
    timeOffset: 0.69996655
    inttype: AE_INTERP_LINEAR
    fvalue1: 0.25114751
    isCookedKeytime: true
  }
  keytimes {
    datatype: AE_FLOAT_DATA
    timeOffset: 0.71662652
    inttype: AE_INTERP_LINEAR
    fvalue1: 0.15575056
    isCookedKeytime: true
  }
  keytimes {
    datatype: AE_FLOAT_DATA
    timeOffset: 0.7332865
    inttype: AE_INTERP_LINEAR
    fvalue1: 0.085054785
    isCookedKeytime: true
  }
  keytimes {
    datatype: AE_FLOAT_DATA
    timeOffset: 0.74994648
    inttype: AE_INTERP_LINEAR
    fvalue1: 0.036854073
    isCookedKeytime: true
  }
  keytimes {
    datatype: AE_FLOAT_DATA
    timeOffset: 0.76660645
    inttype: AE_INTERP_LINEAR
    fvalue1: 0.0091083795
    isCookedKeytime: true
  }
  keytimes {
    datatype: AE_FLOAT_DATA
    timeOffset: 0.78326643
    inttype: AE_INTERP_LINEAR
    fvalue1: 3.2575172e-06
    isCookedKeytime: true
  }
  keytimes {
    datatype: AE_FLOAT_DATA
    timeOffset: 0.78333336
    inttype: AE_INTERP_LINEAR
    fvalue1: 0
  }
  trackName: "Opacity"
}
tracks {
  binding: IS_VISIBLE
  targetid: 65155
  targetname: "btn-bg.png"
  keytimes {
    datatype: AE_INT_DATA
    timeOffset: 0
    inttype: AE_INTERP_HOLD
    ivalue1: 1
  }
}
tracks {
  binding: IS_VISIBLE
  targetid: 65156
  targetname: "Previous"
  keytimes {
    datatype: AE_INT_DATA
    timeOffset: 0
    inttype: AE_INTERP_HOLD
    ivalue1: 1
  }
}
tracks {
  binding: OPACITY
  targetid: 65156
  targetname: "Previous"
  keytimes {
    datatype: AE_FLOAT_DATA
    timeOffset: 0
    inttype: AE_INTERP_LINEAR
    fvalue1: 0.5
  }
  keytimes {
    datatype: AE_FLOAT_DATA
    timeOffset: 0.25
    inttype: AE_INTERP_LINEAR
    fvalue1: 0.5
  }
  keytimes {
    datatype: AE_FLOAT_DATA
    timeOffset: 0.26666
    inttype: AE_INTERP_LINEAR
    fvalue1: 0.52393454
    isCookedKeytime: true
  }
  keytimes {
    datatype: AE_FLOAT_DATA
    timeOffset: 0.28332
    inttype: AE_INTERP_LINEAR
    fvalue1: 0.58336794
    isCookedKeytime: true
  }
  keytimes {
    datatype: AE_FLOAT_DATA
    timeOffset: 0.29998
    inttype: AE_INTERP_LINEAR
    fvalue1: 0.65678519
    isCookedKeytime: true
  }
  keytimes {
    datatype: AE_FLOAT_DATA
    timeOffset: 0.31664002
    inttype: AE_INTERP_LINEAR
    fvalue1: 0.72909051
    isCookedKeytime: true
  }
  keytimes {
    datatype: AE_FLOAT_DATA
    timeOffset: 0.33330002
    inttype: AE_INTERP_LINEAR
    fvalue1: 0.79352188
    isCookedKeytime: true
  }
  keytimes {
    datatype: AE_FLOAT_DATA
    timeOffset: 0.34996003
    inttype: AE_INTERP_LINEAR
    fvalue1: 0.84809
    isCookedKeytime: true
  }
  keytimes {
    datatype: AE_FLOAT_DATA
    timeOffset: 0.36662003
    inttype: AE_INTERP_LINEAR
    fvalue1: 0.89282393
    isCookedKeytime: true
  }
  keytimes {
    datatype: AE_FLOAT_DATA
    timeOffset: 0.38328004
    inttype: AE_INTERP_LINEAR
    fvalue1: 0.92845863
    isCookedKeytime: true
  }
  keytimes {
    datatype: AE_FLOAT_DATA
    timeOffset: 0.39994004
    inttype: AE_INTERP_LINEAR
    fvalue1: 0.9559015
    isCookedKeytime: true
  }
  keytimes {
    datatype: AE_FLOAT_DATA
    timeOffset: 0.41660005
    inttype: AE_INTERP_LINEAR
    fvalue1: 0.97603452
    isCookedKeytime: true
  }
  keytimes {
    datatype: AE_FLOAT_DATA
    timeOffset: 0.43326005
    inttype: AE_INTERP_LINEAR
    fvalue1: 0.98965043
    isCookedKeytime: true
  }
  keytimes {
    datatype: AE_FLOAT_DATA
    timeOffset: 0.44992006
    inttype: AE_INTERP_LINEAR
    fvalue1: 0.99744004
    isCookedKeytime: true
  }
  keytimes {
    datatype: AE_FLOAT_DATA
    timeOffset: 0.46658006
    inttype: AE_INTERP_LINEAR
    fvalue1: 0.99999845
    isCookedKeytime: true
  }
  keytimes {
    datatype: AE_FLOAT_DATA
    timeOffset: 0.46666667
    inttype: AE_INTERP_LINEAR
    fvalue1: 1
  }
  keytimes {
    datatype: AE_FLOAT_DATA
    timeOffset: 0.48332667
    inttype: AE_INTERP_LINEAR
    fvalue1: 1
    isCookedKeytime: true
  }
  keytimes {
    datatype: AE_FLOAT_DATA
    timeOffset: 0.49998668
    inttype: AE_INTERP_LINEAR
    fvalue1: 1
    isCookedKeytime: true
  }
  keytimes {
    datatype: AE_FLOAT_DATA
    timeOffset: 0.51664668
    inttype: AE_INTERP_LINEAR
    fvalue1: 1
    isCookedKeytime: true
  }
  keytimes {
    datatype: AE_FLOAT_DATA
    timeOffset: 0.53330666
    inttype: AE_INTERP_LINEAR
    fvalue1: 1
    isCookedKeytime: true
  }
  keytimes {
    datatype: AE_FLOAT_DATA
    timeOffset: 0.54996663
    inttype: AE_INTERP_LINEAR
    fvalue1: 1
    isCookedKeytime: true
  }
  keytimes {
    datatype: AE_FLOAT_DATA
    timeOffset: 0.56662661
    inttype: AE_INTERP_LINEAR
    fvalue1: 1
    isCookedKeytime: true
  }
  keytimes {
    datatype: AE_FLOAT_DATA
    timeOffset: 0.58328658
    inttype: AE_INTERP_LINEAR
    fvalue1: 1
    isCookedKeytime: true
  }
  keytimes {
    datatype: AE_FLOAT_DATA
    timeOffset: 0.59994656
    inttype: AE_INTERP_LINEAR
    fvalue1: 1
    isCookedKeytime: true
  }
  keytimes {
    datatype: AE_FLOAT_DATA
    timeOffset: 0.61660653
    inttype: AE_INTERP_LINEAR
    fvalue1: 1
    isCookedKeytime: true
  }
  keytimes {
    datatype: AE_FLOAT_DATA
    timeOffset: 0.61666667
    inttype: AE_INTERP_LINEAR
    fvalue1: 1
  }
  keytimes {
    datatype: AE_FLOAT_DATA
    timeOffset: 0.63332665
    inttype: AE_INTERP_LINEAR
    fvalue1: 0.99626082
    isCookedKeytime: true
  }
  keytimes {
    datatype: AE_FLOAT_DATA
    timeOffset: 0.64998662
    inttype: AE_INTERP_LINEAR
    fvalue1: 0.984245
    isCookedKeytime: true
  }
  keytimes {
    datatype: AE_FLOAT_DATA
    timeOffset: 0.6666466
    inttype: AE_INTERP_LINEAR
    fvalue1: 0.96252161
    isCookedKeytime: true
  }
  keytimes {
    datatype: AE_FLOAT_DATA
    timeOffset: 0.68330657
    inttype: AE_INTERP_LINEAR
    fvalue1: 0.92927665
    isCookedKeytime: true
  }
  keytimes {
    datatype: AE_FLOAT_DATA
    timeOffset: 0.69996655
    inttype: AE_INTERP_LINEAR
    fvalue1: 0.88224137
    isCookedKeytime: true
  }
  keytimes {
    datatype: AE_FLOAT_DATA
    timeOffset: 0.71662652
    inttype: AE_INTERP_LINEAR
    fvalue1: 0.81877846
    isCookedKeytime: true
  }
  keytimes {
    datatype: AE_FLOAT_DATA
    timeOffset: 0.7332865
    inttype: AE_INTERP_LINEAR
    fvalue1: 0.73673791
    isCookedKeytime: true
  }
  keytimes {
    datatype: AE_FLOAT_DATA
    timeOffset: 0.74994648
    inttype: AE_INTERP_LINEAR
    fvalue1: 0.63842744
    isCookedKeytime: true
  }
  keytimes {
    datatype: AE_FLOAT_DATA
    timeOffset: 0.76660645
    inttype: AE_INTERP_LINEAR
    fvalue1: 0.54342294
    isCookedKeytime: true
  }
  keytimes {
    datatype: AE_FLOAT_DATA
    timeOffset: 0.78326643
    inttype: AE_INTERP_LINEAR
    fvalue1: 0.50001723
    isCookedKeytime: true
  }
  keytimes {
    datatype: AE_FLOAT_DATA
    timeOffset: 0.78333336
    inttype: AE_INTERP_LINEAR
    fvalue1: 0.5
  }
  trackName: "Opacity"
}
markers {
  starttime: 0.25
  duration: 0.21666667
  name: "FocusIn"
  tracksSelection {
    targetid: 65154
    binding: OPACITY
  }
  tracksSelection {
    targetid: 65156
    binding: OPACITY
  }
  alltracks: false
  id: 21
  looping: false
}
markers {
  starttime: 0.61666667
  duration: 0.16666667
  name: "Press"
  tracksSelection {
    targetid: 65154
    binding: OPACITY
  }
  tracksSelection {
    targetid: 65156
    binding: OPACITY
  }
  alltracks: false
  id: 18
  looping: false
}
